

Started GET "/" for ::1 at 2015-07-28 17:06:21 +0800
Processing by Rails::WelcomeController#index as HTML
  Rendered /Users/user/.rvm/gems/ruby-2.0.0-p643/gems/railties-4.2.3/lib/rails/templates/rails/welcome/index.html.erb (2.2ms)
Completed 200 OK in 28ms (Views: 13.0ms | ActiveRecord: 0.0ms)


Started GET "/" for ::1 at 2015-07-28 17:06:36 +0800
Processing by Rails::WelcomeController#index as HTML
  Rendered /Users/user/.rvm/gems/ruby-2.0.0-p643/gems/railties-4.2.3/lib/rails/templates/rails/welcome/index.html.erb (1.3ms)
Completed 200 OK in 182ms (Views: 177.8ms | ActiveRecord: 0.0ms)


Started GET "/rails/info/properties" for ::1 at 2015-07-28 17:06:40 +0800
Processing by Rails::InfoController#properties as */*
  Rendered /Users/user/.rvm/gems/ruby-2.0.0-p643/gems/railties-4.2.3/lib/rails/templates/rails/info/properties.html.erb (1.5ms)
Completed 200 OK in 99ms (Views: 12.5ms | ActiveRecord: 25.7ms)


Started GET "/" for 127.0.0.1 at 2015-08-04 16:57:36 +0800
Processing by Rails::WelcomeController#index as HTML
  Rendered /Users/user/.rvm/gems/ruby-2.0.0-p643/gems/railties-4.2.3/lib/rails/templates/rails/welcome/index.html.erb (6.1ms)
Completed 200 OK in 63ms (Views: 29.0ms | ActiveRecord: 0.0ms)
  [1m[36m (1.2ms)[0m  [1mCREATE TABLE "schema_migrations" ("version" varchar NOT NULL) [0m
  [1m[35m (0.6ms)[0m  select sqlite_version(*)
  [1m[36m (1.2ms)[0m  [1mCREATE UNIQUE INDEX "unique_schema_migrations" ON "schema_migrations" ("version")[0m
  [1m[35mActiveRecord::SchemaMigration Load (0.1ms)[0m  SELECT "schema_migrations".* FROM "schema_migrations"
